<?xml version="1.0" encoding="UTF-8"?>
<!-- Generated by org.testng.reporters.JUnitReportReporter -->
<testsuite skipped="0" hostname="india-PC" name="executionEngine.HybridDriverScript" tests="1" failures="0" timestamp="15 Jun 2017 11:31:01 GMT" time="78.728" errors="0">
  <testcase name="ExecuteTest" time="78.728" classname="executionEngine.HybridDriverScript"/>
</testsuite> <!-- executionEngine.HybridDriverScript -->
